<?xml version="1.0" encoding="UTF-8"?>
<testng-results ignored="0" total="1" passed="1" failed="0" skipped="0">
  <reporter-output>
  </reporter-output>
  <suite started-at="2023-03-21T13:47:14 IST" name="Default suite" finished-at="2023-03-21T13:47:15 IST" duration-ms="136">
    <groups>
    </groups>
    <test started-at="2023-03-21T13:47:14 IST" name="Default test" finished-at="2023-03-21T13:47:15 IST" duration-ms="136">
      <class name="Sample.ReadDataFromCmdline">
        <test-method signature="readData()[pri:0, instance:Sample.ReadDataFromCmdline@4229bb3f]" started-at="2023-03-21T13:47:15 IST" name="readData" finished-at="2023-03-21T13:47:15 IST" duration-ms="20" status="PASS">
          <reporter-output>
          </reporter-output>
        </test-method> <!-- readData -->
      </class> <!-- Sample.ReadDataFromCmdline -->
    </test> <!-- Default test -->
  </suite> <!-- Default suite -->
</testng-results>
